<?xml version="1.0" encoding="UTF-8"?>
<!-- Generated by org.testng.reporters.JUnitReportReporter -->
<testsuite hostname="ramandeep-L" failures="0" tests="1" name="UI_auto.LoginPage" time="21.263" errors="0" timestamp="25 Jan 2019 10:36:39 GMT">
  <testcase classname="UI_auto.LoginPage" name="navigateToLoginPage" time="21.263"/>
</testsuite> <!-- UI_auto.LoginPage -->
