<?xml version="1.0" encoding="UTF-8"?>
<!-- Generated by org.testng.reporters.JUnitReportReporter -->
<testsuite hostname="ramandeep-L" failures="0" tests="2" name="UI_auto.DashboardPageTest" time="28.324" errors="0" timestamp="03 Apr 2019 13:25:41 GMT" skipped="0">
  <testcase classname="UI_auto.DashboardPageTest" name="navigateToLoginPageAndSelectDate" time="28.297"/>
  <testcase classname="UI_auto.DashboardPageTest" name="navigateToMaliciousPageAndCheckEntityListing" time="0.027"/>
</testsuite> <!-- UI_auto.DashboardPageTest -->
