<?xml version="1.0" encoding="UTF-8"?>
<!-- Generated by org.testng.reporters.JUnitReportReporter -->
<testsuite hostname="ramandeep-L" failures="0" tests="1" name="UI_auto.LoginPageTest" time="10.761" errors="0" timestamp="18 Feb 2019 11:29:28 GMT" skipped="0">
  <testcase classname="UI_auto.LoginPageTest" name="navigateToLoginPage" time="10.761"/>
</testsuite> <!-- UI_auto.LoginPageTest -->
