<?xml version="1.0" encoding="UTF-8"?>
<!-- Generated by org.testng.reporters.JUnitReportReporter -->
<testsuite hostname="ramandeep-L" name="UI_auto.DashboardPageTest" tests="4" failures="0" timestamp="5 Apr 2019 12:28:25 GMT" time="138.004" errors="0">
  <testcase name="navigateToLoginPageAndSelectDate" time="30.882" classname="UI_auto.DashboardPageTest"/>
  <testcase name="getMalSuspAutoCorrCount" time="33.261" classname="UI_auto.DashboardPageTest"/>
  <testcase name="navigateToSuspiciousPageAndCheckEntityListing" time="37.820" classname="UI_auto.DashboardPageTest"/>
  <testcase name="navigateToMaliciousPageAndCheckEntityListing" time="36.041" classname="UI_auto.DashboardPageTest"/>
</testsuite> <!-- UI_auto.DashboardPageTest -->
