<?xml version="1.0" encoding="UTF-8"?>
<!-- Generated by org.testng.reporters.JUnitReportReporter -->
<testsuite hostname="ramandeep-L" name="UI_auto.LoginPageTest" tests="1" failures="0" timestamp="18 Feb 2019 06:30:58 GMT" time="7.229" errors="0">
  <testcase name="navigateToLoginPage" time="7.229" classname="UI_auto.LoginPageTest"/>
</testsuite> <!-- UI_auto.LoginPageTest -->
